This is pdfTeX, Version 3.14159265-2.6-1.40.15 (TeX Live 2014) (preloaded format=pdflatex 2014.5.25)  11 MAY 2016 22:00
entering extended mode
 restricted \write18 enabled.
 file:line:error style messages enabled.
 %&-line parsing enabled.
**scarlata_v3.tex
(./scarlata_v3.tex
LaTeX2e <2014/05/01>
Babel <3.9k> and hyphenation patterns for 78 languages loaded.
(/usr/local/texlive/2014/texmf-dist/tex/latex/emulateapj/emulateapj.cls
Document Class: emulateapj 
\bibbaselineskip=\skip41
(/usr/local/texlive/2014/texmf-dist/tex/latex/revtex/revtex4-1.cls
Document Class: revtex4-1 2010/07/25/20:33:00 4.1r (http://publish.aps.org/revt
ex4/ for documentation)
 Copyright (c) 2009 The American Physical Society.
 mailto:revtex@aps.org
 Licensed under the LPPL:
http://www.ctan.org/tex-archive/macros/latex/base/lppl.txt
 Arthur Ogawa <arthur_ogawa at sbcglobal dot net>
 Based on work by David Carlisle <david at dcarlisle.demon.co.uk>.
ltxutil[2010/07/25/20:33:00 4.1r utilities package (portions licensed from W. E
. Baxter web at superscript.com)]
LaTeX Info: Redefining \@centercr on input line 308.
Class revtex4-1 Info: Repairing broken LaTeX eqnarray on input line 358.
\eqncolsep=\skip42
Class revtex4-1 Info: Repairing hyperref-unfriendly LaTeX definition of \mpfoot
note on input line 433.
Class revtex4-1 Info: Repairing broken LateX \@sect on input line 755.
\intertabularlinepenalty=\count79
\@tbpen=\count80
\@arstrutbox@hline=\box26
Class revtex4-1 Info: Repairing broken LaTeX \@xbitor on input line 1786.
Class revtex4-1 Info: Making \typeout \long on input line 2046.
ltxfront[2010/07/25/20:33:00 4.1r frontmatter package (AO,DPC)]
\c@affil=\count81
\c@collab=\count82
\absbox=\box27
ltxgrid[2010/07/25/20:33:00 4.1r page grid package (portions licensed from W. E
. Baxter web at superscript.com)]
\c@linecount=\count83
\output@latex=\toks14
\box@size@1=\box28
\box@size@2=\box29
\@protection@box=\box30
\@topmark@saved=\toks15
\footins@saved=\box31
\footins@recovered=\box32
\column@recovered=\box33
\pagesofar=\box34
\footsofar=\box35
\pagegrid@col=\count84
Class revtex4-1 Info: Overriding \@vspace, \@vspacer, \@no@pgbk, \@newline, and
 \\  on input line 5578.
\c@part=\count85
\c@section=\count86
\c@subsection=\count87
\c@subsubsection=\count88
\c@paragraph=\count89
\c@subparagraph=\count90
\abovecaptionskip=\skip43
\belowcaptionskip=\skip44
\c@figure=\count91
\fbox@1=\box36
\c@table=\count92
\fbox@2=\box37
\c@video=\count93
\fbox@4=\box38
\@bibdataout=\write3
\widetext@top=\box39
\widetext@bot=\box40

Class revtex4-1 Warning: No Society specified, using default society aps.

(/usr/local/texlive/2014/texmf-dist/tex/latex/revtex/aps4-1.rtx
File: aps4-1 2010/07/25/20:33:00 4.1r (http://publish.aps.org/revtex4/ for docu
mentation)
Class revtex4-1 Info: RevTeX society APS selected on input line 31.
)

Class revtex4-1 Warning: No journal specified, using default pra.

Class revtex4-1 Info: APS journal PRA selected on input line 7545.

Class revtex4-1 Warning: No type size specified, using default 10.

(/usr/local/texlive/2014/texmf-dist/tex/latex/revtex/aps10pt4-1.rtx
File: aps10pt4-1 2010/07/25/20:33:00 4.1r (http://publish.aps.org/revtex4/ for 
documentation)
Class revtex4-1 Info: RevTeX pointsize 10pt selected on input line 30.
)
(/usr/local/texlive/2014/texmf-dist/tex/latex/textcase/textcase.sty
Package: textcase 2004/10/07 v0.07 Text only upper/lower case changing (DPC)
)
(/usr/local/texlive/2014/texmf-dist/tex/latex/url/url.sty
\Urlmuskip=\muskip10
Package: url 2013/09/16  ver 3.4  Verb mode for urls, etc.
)
(/usr/local/texlive/2014/texmf-dist/tex/latex/natbib/natbib.sty
Package: natbib 2010/09/13 8.31b (PWD, AO)
\bibhang=\skip45
\bibsep=\skip46
LaTeX Info: Redefining \cite on input line 694.
\c@NAT@ctr=\count94
)
Class revtex4-1 Info: Repairing natbib's \BibitemShut on input line 7549.

(/usr/local/texlive/2014/texmf-dist/tex/latex/revtex/revsymb4-1.sty
Package: revsymb4-1 2010/07/25/20:33:00 4.1r (http://publish.aps.org/revtex4/ f
or documentation)
LaTeX Info: Redefining \REV@mathfrak on input line 119.
))
(/usr/local/texlive/2014/texmf-dist/tex/latex/base/latexsym.sty
Package: latexsym 1998/08/17 v2.2e Standard LaTeX package (lasy symbols)
\symlasy=\mathgroup4
LaTeX Font Info:    Overwriting symbol font `lasy' in version `bold'
(Font)                  U/lasy/m/n --> U/lasy/b/n on input line 47.
)
(/usr/local/texlive/2014/texmf-dist/tex/latex/graphics/graphicx.sty
Package: graphicx 2014/04/25 v1.0g Enhanced LaTeX Graphics (DPC,SPQR)

(/usr/local/texlive/2014/texmf-dist/tex/latex/graphics/keyval.sty
Package: keyval 2014/05/08 v1.15 key=value parser (DPC)
\KV@toks@=\toks16
)
(/usr/local/texlive/2014/texmf-dist/tex/latex/graphics/graphics.sty
Package: graphics 2009/02/05 v1.0o Standard LaTeX Graphics (DPC,SPQR)

(/usr/local/texlive/2014/texmf-dist/tex/latex/graphics/trig.sty
Package: trig 1999/03/16 v1.09 sin cos tan (DPC)
)
(/usr/local/texlive/2014/texmf-dist/tex/latex/latexconfig/graphics.cfg
File: graphics.cfg 2010/04/23 v1.9 graphics configuration of TeX Live
)
Package graphics Info: Driver file: pdftex.def on input line 91.

(/usr/local/texlive/2014/texmf-dist/tex/latex/pdftex-def/pdftex.def
File: pdftex.def 2011/05/27 v0.06d Graphics/color for pdfTeX

(/usr/local/texlive/2014/texmf-dist/tex/generic/oberdiek/infwarerr.sty
Package: infwarerr 2010/04/08 v1.3 Providing info/warning/error messages (HO)
)
(/usr/local/texlive/2014/texmf-dist/tex/generic/oberdiek/ltxcmds.sty
Package: ltxcmds 2011/11/09 v1.22 LaTeX kernel commands for general use (HO)
)
\Gread@gobject=\count95
))
\Gin@req@height=\dimen102
\Gin@req@width=\dimen103
)
(/usr/local/texlive/2014/texmf-dist/tex/latex/amsfonts/amssymb.sty
Package: amssymb 2013/01/14 v3.01 AMS font symbols

(/usr/local/texlive/2014/texmf-dist/tex/latex/amsfonts/amsfonts.sty
Package: amsfonts 2013/01/14 v3.01 Basic AMSFonts support
\@emptytoks=\toks17
\symAMSa=\mathgroup5
\symAMSb=\mathgroup6
LaTeX Font Info:    Overwriting math alphabet `\mathfrak' in version `bold'
(Font)                  U/euf/m/n --> U/euf/b/n on input line 106.
LaTeX Info: Redefining \frak on input line 111.
LaTeX Info: Redefining \Bbb on input line 113.
))
(/usr/local/texlive/2014/texmf-dist/tex/latex/tools/longtable.sty
Package: longtable 2004/02/01 v4.11 Multi-page Table package (DPC)
\LTleft=\skip47
\LTright=\skip48
\LTpre=\skip49
\LTpost=\skip50
\LTchunksize=\count96
\LTcapwidth=\dimen104
\LT@head=\box41
\LT@firsthead=\box42
\LT@foot=\box43
\LT@lastfoot=\box44
\LT@cols=\count97
\LT@rows=\count98
\c@LT@tables=\count99
\c@LT@chunks=\count100
\LT@p@ftn=\toks18
)
(/usr/local/texlive/2014/texmf-dist/tex/generic/epsf/epsf.sty
This is `epsf.tex' v2.7.4 <14 February 2011>
\epsffilein=\read1
\epsfframemargin=\dimen105
\epsfframethickness=\dimen106
\epsfrsize=\dimen107
\epsftmp=\dimen108
\epsftsize=\dimen109
\epsfxsize=\dimen110
\epsfysize=\dimen111
\pspoints=\dimen112
)
\c@front@matter@foot@note=\count101
\alt@affil@toks=\toks19
\alt@affil@toks@count=\toks20
\keys@width=\skip51
\c@lastfootnote=\count102
\c@remember@figure@num=\count103
\c@remember@table@num=\count104
\bibindent=\dimen113
\plot@width=\skip52
\c@table@save=\count105
\table@note@skip=\skip53
\deluxe@table@width=\skip54
\@d@t@a=\skip55
\c@deluxe@table@num=\count106
\abovedeluxetableskip=\skip56
\belowdeluxetableskip=\skip57
\lastrowheight=\dimen114
\DT@p@ftn=\toks21
\pt@column=\count107
\pt@ncol=\count108
) (/usr/local/texlive/2014/texmf-dist/tex/latex/graphics/color.sty
Package: color 2014/04/23 v1.1a Standard LaTeX Color (DPC)

(/usr/local/texlive/2014/texmf-dist/tex/latex/latexconfig/color.cfg
File: color.cfg 2007/01/18 v1.5 color configuration of teTeX/TeXLive
)
Package color Info: Driver file: pdftex.def on input line 137.
)
Class revtex4-1 Info: Patching LaTeX tabular. on input line 87.
Class revtex4-1 Info: Patching longtable package on input line 87.
Class revtex4-1 Info: Robustifying \LaTeX's \boldmath command on input line 87.

Class revtex4-1 Info: cite was not loaded (OK!) on input line 87.
Class revtex4-1 Info: mcite was not loaded (OK!) on input line 87.
Class revtex4-1 Info: multicol was not loaded (OK!) on input line 87.


LaTeX Warning: Unused global option(s):
    [manuscript].

(./scarlata_v3.aux

LaTeX Warning: Label `fig:dvha' multiply defined.

)
\openout1 = `scarlata_v3.aux'.

LaTeX Font Info:    Checking defaults for OML/cmm/m/it on input line 87.
LaTeX Font Info:    ... okay on input line 87.
LaTeX Font Info:    Checking defaults for T1/cmr/m/n on input line 87.
LaTeX Font Info:    ... okay on input line 87.
LaTeX Font Info:    Checking defaults for OT1/cmr/m/n on input line 87.
LaTeX Font Info:    ... okay on input line 87.
LaTeX Font Info:    Checking defaults for OMS/cmsy/m/n on input line 87.
LaTeX Font Info:    ... okay on input line 87.
LaTeX Font Info:    Checking defaults for OMX/cmex/m/n on input line 87.
LaTeX Font Info:    ... okay on input line 87.
LaTeX Font Info:    Checking defaults for U/cmr/m/n on input line 87.
LaTeX Font Info:    ... okay on input line 87.
 (/usr/local/texlive/2014/texmf-dist/tex/context/base/supp-pdf.mkii
[Loading MPS to PDF converter (version 2006.09.02).]
\scratchcounter=\count109
\scratchdimen=\dimen115
\scratchbox=\box45
\nofMPsegments=\count110
\nofMParguments=\count111
\everyMPshowfont=\toks22
\MPscratchCnt=\count112
\MPscratchDim=\dimen116
\MPnumerator=\count113
\makeMPintoPDFobject=\count114
\everyMPtoPDFconversion=\toks23
) (/usr/local/texlive/2014/texmf-dist/tex/generic/oberdiek/pdftexcmds.sty
Package: pdftexcmds 2011/11/29 v0.20 Utility functions of pdfTeX for LuaTeX (HO
)

(/usr/local/texlive/2014/texmf-dist/tex/generic/oberdiek/ifluatex.sty
Package: ifluatex 2010/03/01 v1.3 Provides the ifluatex switch (HO)
Package ifluatex Info: LuaTeX not detected.
)
(/usr/local/texlive/2014/texmf-dist/tex/generic/oberdiek/ifpdf.sty
Package: ifpdf 2011/01/30 v2.3 Provides the ifpdf switch (HO)
Package ifpdf Info: pdfTeX in PDF mode is detected.
)
Package pdftexcmds Info: LuaTeX not detected.
Package pdftexcmds Info: \pdf@primitive is available.
Package pdftexcmds Info: \pdf@ifprimitive is available.
Package pdftexcmds Info: \pdfdraftmode found.
)
(/usr/local/texlive/2014/texmf-dist/tex/latex/oberdiek/epstopdf-base.sty
Package: epstopdf-base 2010/02/09 v2.5 Base part for package epstopdf

(/usr/local/texlive/2014/texmf-dist/tex/latex/oberdiek/grfext.sty
Package: grfext 2010/08/19 v1.1 Manage graphics extensions (HO)

(/usr/local/texlive/2014/texmf-dist/tex/generic/oberdiek/kvdefinekeys.sty
Package: kvdefinekeys 2011/04/07 v1.3 Define keys (HO)
))
(/usr/local/texlive/2014/texmf-dist/tex/latex/oberdiek/kvoptions.sty
Package: kvoptions 2011/06/30 v3.11 Key value format for package options (HO)

(/usr/local/texlive/2014/texmf-dist/tex/generic/oberdiek/kvsetkeys.sty
Package: kvsetkeys 2012/04/25 v1.16 Key value parser (HO)

(/usr/local/texlive/2014/texmf-dist/tex/generic/oberdiek/etexcmds.sty
Package: etexcmds 2011/02/16 v1.5 Avoid name clashes with e-TeX commands (HO)
Package etexcmds Info: Could not find \expanded.
(etexcmds)             That can mean that you are not using pdfTeX 1.50 or
(etexcmds)             that some package has redefined \expanded.
(etexcmds)             In the latter case, load this package earlier.
)))
Package grfext Info: Graphics extension search list:
(grfext)             [.png,.pdf,.jpg,.mps,.jpeg,.jbig2,.jb2,.PNG,.PDF,.JPG,.JPE
G,.JBIG2,.JB2,.eps]
(grfext)             \AppendGraphicsExtensions on input line 452.

(/usr/local/texlive/2014/texmf-dist/tex/latex/latexconfig/epstopdf-sys.cfg
File: epstopdf-sys.cfg 2010/07/13 v1.3 Configuration of (r)epstopdf for TeX Liv
e
))
\openout3 = `scarlata_v3Notes.bib'.



Class revtex4-1 Warning: Assuming \noaffiliation for authors.

LaTeX Font Info:    Try loading font information for U+lasy on input line 140.
(/usr/local/texlive/2014/texmf-dist/tex/latex/base/ulasy.fd
File: ulasy.fd 1998/08/17 v2.2e LaTeX symbol font definitions
)
LaTeX Font Info:    Try loading font information for U+msa on input line 140.

(/usr/local/texlive/2014/texmf-dist/tex/latex/amsfonts/umsa.fd
File: umsa.fd 2013/01/14 v3.01 AMS symbols A
)
LaTeX Font Info:    Try loading font information for U+msb on input line 140.

(/usr/local/texlive/2014/texmf-dist/tex/latex/amsfonts/umsb.fd
File: umsb.fd 2013/01/14 v3.01 AMS symbols B
)

LaTeX Warning: Reference `tab:info' on page 1 undefined on input line 242.

</Users/claudia/PROJECTS/COS_Lya/images.png, id=1, 867.24pt x 867.24pt>
File: /Users/claudia/PROJECTS/COS_Lya/images.png Graphic file (type png)

<use /Users/claudia/PROJECTS/COS_Lya/images.png>
Package pdftex.def Info: /Users/claudia/PROJECTS/COS_Lya/images.png used on inp
ut line 249.
(pdftex.def)             Requested size: 520.34802pt x 520.34802pt.

Overfull \hbox (7.23059pt too wide) in paragraph at lines 249--250
 [][] 
 []


Package natbib Warning: Citation `Goudfrooij2010' on page 1 undefined on input 
line 257.


LaTeX Warning: Reference `tab:sample' on page 1 undefined on input line 257.

[1{/usr/local/texlive/2014/texmf-var/fonts/map/pdftex/updmap/pdftex.map}]
[2 </Users/claudia/PROJECTS/COS_Lya/images.png>]
</Users/claudia/PROJECTS/COS_Lya/NUV_fluxes.png, id=28, 722.7pt x 650.43pt>
File: /Users/claudia/PROJECTS/COS_Lya/NUV_fluxes.png Graphic file (type png)

<use /Users/claudia/PROJECTS/COS_Lya/NUV_fluxes.png>
Package pdftex.def Info: /Users/claudia/PROJECTS/COS_Lya/NUV_fluxes.png used on
 input line 295.
(pdftex.def)             Requested size: 216.81166pt x 195.1305pt.

</Users/claudia/PROJECTS/COS_Lya/Lya_GALEX_COS.pdf, id=29, 482.80376pt x 341.27
5pt>
File: /Users/claudia/PROJECTS/COS_Lya/Lya_GALEX_COS.pdf Graphic file (type pdf)

 <use /Users/claudia/PROJECTS/COS_Lya/Lya_GALEX_COS.pdf>
Package pdftex.def Info: /Users/claudia/PROJECTS/COS_Lya/Lya_GALEX_COS.pdf used
 on input line 296.
(pdftex.def)             Requested size: 241.40129pt x 170.63707pt.


LaTeX Warning: Reference `app:spectra' on page 3 undefined on input line 333.


Package natbib Warning: Citation `henry2015' on page 3 undefined on input line 
337.


Package natbib Warning: Citation `gehrels1986' on page 3 undefined on input lin
e 338.


LaTeX Warning: Reference `tab:XXX' on page 3 undefined on input line 344.


Package natbib Warning: Citation `REF' on page 3 undefined on input line 353.


Package natbib Warning: Citation `REF' on page 3 undefined on input line 353.


Package natbib Warning: Citation `henry2015' on page 3 undefined on input line 
354.


Package natbib Warning: Citation `jaskott201X' on page 3 undefined on input lin
e 354.


LaTeX Warning: Reference `tab:measurements' on page 3 undefined on input line 3
56.


Package natbib Warning: Citation `Goudfrooij2010' on page 3 undefined on input 
line 381.


LaTeX Warning: Reference `tab:info' on page 3 undefined on input line 382.

[3]

Package natbib Warning: Citation `cowie2011' on page 4 undefined on input line 
405.


Package natbib Warning: Citation `hayes2013' on page 4 undefined on input line 
418.


Package natbib Warning: Citation `steidelXXX' on page 4 undefined on input line
 418.


Package natbib Warning: Citation `hayesXXX' on page 4 undefined on input line 4
18.


Underfull \hbox (badness 1127) in paragraph at lines 403--420
[]\OT1/cmr/m/n/10 In Fig-ure 2[] (right panel) we com-pare the to-tal,
 []

</Users/claudia/PROJECTS/COS_Lya/spectra2.png, id=35, 1228.59pt x 1228.59pt>
File: /Users/claudia/PROJECTS/COS_Lya/spectra2.png Graphic file (type png)

<use /Users/claudia/PROJECTS/COS_Lya/spectra2.png>
Package pdftex.def Info: /Users/claudia/PROJECTS/COS_Lya/spectra2.png used on i
nput line 425.
(pdftex.def)             Requested size: 614.2935pt x 614.2935pt.

Overfull \hbox (101.17607pt too wide) in paragraph at lines 425--426
[][] 
 []


Class revtex4-1 Warning: Float cannot be placed.

</Users/claudia/PROJECTS/COS_Lya/delta_v.png, id=36, 722.7pt x 505.89pt>
File: /Users/claudia/PROJECTS/COS_Lya/delta_v.png Graphic file (type png)

<use /Users/claudia/PROJECTS/COS_Lya/delta_v.png>
Package pdftex.def Info: /Users/claudia/PROJECTS/COS_Lya/delta_v.png used on in
put line 435.
(pdftex.def)             Requested size: 252.94878pt x 177.06415pt.

Overfull \hbox (7.68225pt too wide) in paragraph at lines 435--436
 [][] 
 []


LaTeX Warning: Reference `fig:stack' on page 4 undefined on input line 441.


LaTeX Warning: `!h' float specifier changed to `!ht'.


LaTeX Warning: Reference `tab:xxx' on page 4 undefined on input line 465.

[4 </Users/claudia/PROJECTS/COS_Lya/NUV_fluxes.png> </Users/claudia/PROJECTS/CO
S_Lya/Lya_GALEX_COS.pdf>]

LaTeX Warning: A float is stuck (cannot be placed) on input line 484.

[5 </Users/claudia/PROJECTS/COS_Lya/spectra2.png>]

LaTeX Warning: A float is stuck (cannot be placed) on input line 484.


Class revtex4-1 Warning: Deferred float stuck during \clearpage processing.


</Users/claudia/PROJECTS/COS_Lya/continuum.pdf, id=47, 482.80376pt x 682.55pt>
File: /Users/claudia/PROJECTS/COS_Lya/continuum.pdf Graphic file (type pdf)

<use /Users/claudia/PROJECTS/COS_Lya/continuum.pdf>
Package pdftex.def Info: /Users/claudia/PROJECTS/COS_Lya/continuum.pdf used on 
input line 488.
(pdftex.def)             Requested size: 337.96033pt x 477.78175pt.


Class revtex4-1 Warning: Float cannot be placed.


LaTeX Warning: Reference `fig:stack' on page 6 undefined on input line 502.


LaTeX Warning: Reference `fig:stack' on page 6 undefined on input line 507.


Overfull \hbox (2.97705pt too wide) in alignment at lines 531--546
 [] [] [] [] [] 
 []


Package longtable Warning: Column widths have changed
(longtable)                in table 1 on input line 546.


</Users/claudia/PROJECTS/COS_Lya/FWHM_ew.pdf, id=48, 511.9125pt x 426.59375pt>
File: /Users/claudia/PROJECTS/COS_Lya/FWHM_ew.pdf Graphic file (type pdf)

<use /Users/claudia/PROJECTS/COS_Lya/FWHM_ew.pdf>
Package pdftex.def Info: /Users/claudia/PROJECTS/COS_Lya/FWHM_ew.pdf used on in
put line 560.
(pdftex.def)             Requested size: 204.76137pt x 170.63446pt.

</Users/claudia/PROJECTS/COS_Lya/FWHM_UVd.pdf, id=49, 511.9125pt x 426.59375pt>
File: /Users/claudia/PROJECTS/COS_Lya/FWHM_UVd.pdf Graphic file (type pdf)
<use /Users/claudia/PROJECTS/COS_Lya/FWHM_UVd.pdf>
Package pdftex.def Info: /Users/claudia/PROJECTS/COS_Lya/FWHM_UVd.pdf used on i
nput line 569.
(pdftex.def)             Requested size: 204.76137pt x 170.63446pt.

</Users/claudia/PROJECTS/COS_Lya/dv_fwhm.pdf, id=50, 511.9125pt x 426.59375pt>
File: /Users/claudia/PROJECTS/COS_Lya/dv_fwhm.pdf Graphic file (type pdf)

<use /Users/claudia/PROJECTS/COS_Lya/dv_fwhm.pdf>
Package pdftex.def Info: /Users/claudia/PROJECTS/COS_Lya/dv_fwhm.pdf used on in
put line 577.
(pdftex.def)             Requested size: 204.76137pt x 170.63446pt.
 [6 </Users/claudia/PROJECTS/COS_Lya/delta_v.png>]

LaTeX Warning: A float is stuck (cannot be placed) on input line 681.

[7 </Users/claudia/PROJECTS/COS_Lya/continuum.pdf>]

LaTeX Warning: A float is stuck (cannot be placed) on input line 681.


Class revtex4-1 Warning: Deferred float stuck during \clearpage processing.

Package epstopdf Info: Source file: <dvel_ha.eps>
(epstopdf)                    date: 2014-12-09 07:04:20
(epstopdf)                    size: 128854 bytes
(epstopdf)             Output file: <dvel_ha-eps-converted-to.pdf>
(epstopdf)                    date: 2016-05-03 12:35:28
(epstopdf)                    size: 20192 bytes
(epstopdf)             Command: <repstopdf --outfile=dvel_ha-eps-converted-to.p
df dvel_ha.eps>
(epstopdf)             \includegraphics on input line 696.
Package epstopdf Info: Output file is already uptodate.
<dvel_ha-eps-converted-to.pdf, id=63, 578.16pt x 578.16pt>
File: dvel_ha-eps-converted-to.pdf Graphic file (type pdf)

<use dvel_ha-eps-converted-to.pdf>
Package pdftex.def Info: dvel_ha-eps-converted-to.pdf used on input line 696.
(pdftex.def)             Requested size: 231.2599pt x 231.2599pt.
 [8 </Users/claudia/PROJECTS/COS_Lya/FWHM_ew.pdf> </Users/claudia/PROJECTS/COS_
Lya/FWHM_UVd.pdf> </Users/claudia/PROJECTS/COS_Lya/dv_fwhm.pdf> <./dvel_ha-eps-
converted-to.pdf>]

LaTeX Warning: Reference `tab:measurements' on page 9 undefined on input line 7
75.

Package epstopdf Info: Source file: <lumcomp_igm.eps>
(epstopdf)                    date: 2014-12-09 07:04:28
(epstopdf)                    size: 112694 bytes
(epstopdf)             Output file: <lumcomp_igm-eps-converted-to.pdf>
(epstopdf)                    date: 2016-05-03 12:35:30
(epstopdf)                    size: 13018 bytes
(epstopdf)             Command: <repstopdf --outfile=lumcomp_igm-eps-converted-
to.pdf lumcomp_igm.eps>
(epstopdf)             \includegraphics on input line 782.
Package epstopdf Info: Output file is already uptodate.
<lumcomp_igm-eps-converted-to.pdf, id=94, 578.16pt x 397.485pt>
File: lumcomp_igm-eps-converted-to.pdf Graphic file (type pdf)

<use lumcomp_igm-eps-converted-to.pdf>
Package pdftex.def Info: lumcomp_igm-eps-converted-to.pdf used on input line 78
2.
(pdftex.def)             Requested size: 375.79955pt x 258.36218pt.
Package epstopdf Info: Source file: <asym_hist.eps>
(epstopdf)                    date: 2014-12-09 07:04:15
(epstopdf)                    size: 104899 bytes
(epstopdf)             Output file: <asym_hist-eps-converted-to.pdf>
(epstopdf)                    date: 2016-05-03 12:35:31
(epstopdf)                    size: 12457 bytes
(epstopdf)             Command: <repstopdf --outfile=asym_hist-eps-converted-to
.pdf asym_hist.eps>
(epstopdf)             \includegraphics on input line 835.
Package epstopdf Info: Output file is already uptodate.

<asym_hist-eps-converted-to.pdf, id=95, 578.16pt x 289.08pt>
File: asym_hist-eps-converted-to.pdf Graphic file (type pdf)

<use asym_hist-eps-converted-to.pdf>
Package pdftex.def Info: asym_hist-eps-converted-to.pdf used on input line 835.

(pdftex.def)             Requested size: 462.52863pt x 231.2643pt.
 [9]
Missing character: There is no â in font cmr8!
Missing character: There is no € in font cmr8!
Missing character: There is no “ in font cmr8!
 [10 <./lumcomp_igm-eps-converted-to.pdf> <./asym_hist-eps-converted-to.pdf>]
Package epstopdf Info: Source file: <swr_ha.eps>
(epstopdf)                    date: 2014-12-09 07:04:50
(epstopdf)                    size: 122602 bytes
(epstopdf)             Output file: <swr_ha-eps-converted-to.pdf>
(epstopdf)                    date: 2016-05-03 12:35:32
(epstopdf)                    size: 17648 bytes
(epstopdf)             Command: <repstopdf --outfile=swr_ha-eps-converted-to.pd
f swr_ha.eps>
(epstopdf)             \includegraphics on input line 894.
Package epstopdf Info: Output file is already uptodate.

<swr_ha-eps-converted-to.pdf, id=130, 578.16pt x 578.16pt>
File: swr_ha-eps-converted-to.pdf Graphic file (type pdf)

<use swr_ha-eps-converted-to.pdf>
Package pdftex.def Info: swr_ha-eps-converted-to.pdf used on input line 894.
(pdftex.def)             Requested size: 231.2599pt x 231.2599pt.


Package natbib Warning: Citation `martin2013' on page 11 undefined on input lin
e 915.


LaTeX Warning: Reference `eqn:tau0' on page 11 undefined on input line 941.


Package natbib Warning: Citation `savage1996' on page 11 undefined on input lin
e 951.


Package natbib Warning: Citation `cowie2011' on page 11 undefined on input line
 955.

Missing character: There is no â in font cmr10!
Missing character: There is no € in font cmr10!
Missing character: There is no ‰ in font cmr10!
Missing character: There is no â in font cmr10!
Missing character: There is no € in font cmr10!
Missing character: There is no ‰ in font cmr10!

Package natbib Warning: Citation `pettini2004' on page 11 undefined on input li
ne 957.

Missing character: There is no â in font cmr10!
Missing character: There is no € in font cmr10!
Missing character: There is no ‰ in font cmr10!

Package natbib Warning: Citation `prieto2001' on page 11 undefined on input lin
e 960.


Package natbib Warning: Citation `asplund2009' on page 11 undefined on input li
ne 968.


Underfull \hbox (badness 1147) in paragraph at lines 953--969
\OT1/cmr/m/n/10 strain the metal con-tent in the ionized--gas. Fol-
 []


Underfull \hbox (badness 2941) in paragraph at lines 953--969
\OT1/cmr/m/n/10 low-ing (\OT1/cmr/bx/n/10 ?\OT1/cmr/m/n/10 ), we used the $\OML
/cmm/m/it/10 N\OT1/cmr/m/n/10 2$ pa-ram-e-ter ($\OML/cmm/m/it/10 N\OT1/cmr/m/n/
10 2 =
 []


LaTeX Warning: Reference `fig:gaussian' on page 11 undefined on input line 973.



LaTeX Warning: Reference `fig:siii1206' on page 11 undefined on input line 978.



LaTeX Warning: Reference `fig:siii1206' on page 11 undefined on input line 985.


[11 <./swr_ha-eps-converted-to.pdf>]

Package natbib Warning: Citation `dave2012' on page 12 undefined on input line 
1003.


Package natbib Warning: Citation `dave2012' on page 12 undefined on input line 
1007.


Package natbib Warning: Citation `shen2012' on page 12 undefined on input line 
1007.


Package natbib Warning: Citation `martin2013' on page 12 undefined on input lin
e 1012.


Package natbib Warning: Citation `atek2014' on page 12 undefined on input line 
1015.


Package natbib Warning: Citation `cowie2011' on page 12 undefined on input line
 1015.


Package natbib Warning: Citation `scarlata2009' on page 12 undefined on input l
ine 1015.


Package natbib Warning: Citation `dominguez2013' on page 12 undefined on input 
line 1021.


Package natbib Warning: Citation `kennicutt2012' on page 12 undefined on input 
line 1024.

No file scarlata_v3.bbl.

Overfull \hbox (5.0pt too wide) in alignment at lines 1179--1200
 [] [] [] [] [] [] 
 []


Overfull \hbox (5.0pt too wide) in alignment at lines 1200--1207
 [] [] [] [] [] [] 
 []


Package longtable Warning: Column widths have changed
(longtable)                in table 2 on input line 1207.

[12]
Overfull \hbox (5.0pt too wide) in alignment at lines 1219--1240
 [] [] [] [] [] [] [] [] 
 []


Overfull \hbox (5.0pt too wide) in alignment at lines 1240--1247
 [] [] [] [] [] [] [] [] 
 []


Package longtable Warning: Column widths have changed
(longtable)                in table 3 on input line 1247.


Package natbib Warning: There were undefined citations.


Package longtable Warning: Table widths have changed. Rerun LaTeX.

[13] (./scarlata_v3.aux)

LaTeX Warning: There were undefined references.


LaTeX Warning: There were multiply-defined labels.

 ) 
Here is how much of TeX's memory you used:
 4480 strings out of 493117
 61120 string characters out of 6135433
 150610 words of memory out of 5000000
 7861 multiletter control sequences out of 15000+600000
 13351 words of font info for 55 fonts, out of 8000000 for 9000
 1141 hyphenation exceptions out of 8191
 39i,11n,29p,928b,454s stack positions out of 5000i,500n,10000p,200000b,80000s
</usr/local/texlive/2014/texmf-dist/fonts/type1/public/amsfonts/cm/cmbx10.pfb
></usr/local/texlive/2014/texmf-dist/fonts/type1/public/amsfonts/cm/cmbx8.pfb><
/usr/local/texlive/2014/texmf-dist/fonts/type1/public/amsfonts/cm/cmcsc10.pfb><
/usr/local/texlive/2014/texmf-dist/fonts/type1/public/amsfonts/cm/cmex10.pfb></
usr/local/texlive/2014/texmf-dist/fonts/type1/public/amsfonts/cm/cmmi10.pfb></u
sr/local/texlive/2014/texmf-dist/fonts/type1/public/amsfonts/cm/cmmi12.pfb></us
r/local/texlive/2014/texmf-dist/fonts/type1/public/amsfonts/cm/cmmi5.pfb></usr/
local/texlive/2014/texmf-dist/fonts/type1/public/amsfonts/cm/cmmi6.pfb></usr/lo
cal/texlive/2014/texmf-dist/fonts/type1/public/amsfonts/cm/cmmi7.pfb></usr/loca
l/texlive/2014/texmf-dist/fonts/type1/public/amsfonts/cm/cmmi8.pfb></usr/local/
texlive/2014/texmf-dist/fonts/type1/public/amsfonts/cm/cmmi9.pfb></usr/local/te
xlive/2014/texmf-dist/fonts/type1/public/amsfonts/cm/cmr10.pfb></usr/local/texl
ive/2014/texmf-dist/fonts/type1/public/amsfonts/cm/cmr5.pfb></usr/local/texlive
/2014/texmf-dist/fonts/type1/public/amsfonts/cm/cmr6.pfb></usr/local/texlive/20
14/texmf-dist/fonts/type1/public/amsfonts/cm/cmr7.pfb></usr/local/texlive/2014/
texmf-dist/fonts/type1/public/amsfonts/cm/cmr8.pfb></usr/local/texlive/2014/tex
mf-dist/fonts/type1/public/amsfonts/cm/cmr9.pfb></usr/local/texlive/2014/texmf-
dist/fonts/type1/public/amsfonts/cm/cmss12.pfb></usr/local/texlive/2014/texmf-d
ist/fonts/type1/public/amsfonts/cm/cmsy10.pfb></usr/local/texlive/2014/texmf-di
st/fonts/type1/public/amsfonts/cm/cmsy6.pfb></usr/local/texlive/2014/texmf-dist
/fonts/type1/public/amsfonts/cm/cmsy7.pfb></usr/local/texlive/2014/texmf-dist/f
onts/type1/public/amsfonts/cm/cmsy8.pfb></usr/local/texlive/2014/texmf-dist/fon
ts/type1/public/amsfonts/cm/cmti10.pfb></usr/local/texlive/2014/texmf-dist/font
s/type1/public/amsfonts/cm/cmti8.pfb></usr/local/texlive/2014/texmf-dist/fonts/
type1/public/amsfonts/cm/cmti9.pfb></usr/local/texlive/2014/texmf-dist/fonts/ty
pe1/public/amsfonts/cm/cmtt10.pfb></usr/local/texlive/2014/texmf-dist/fonts/typ
e1/public/amsfonts/symbols/msam10.pfb>
Output written on scarlata_v3.pdf (13 pages, 11215488 bytes).
PDF statistics:
 235 PDF objects out of 1000 (max. 8388607)
 164 compressed objects within 2 object streams
 0 named destinations out of 1000 (max. 500000)
 66 words of extra memory for PDF output out of 10000 (max. 10000000)

