This is pdfTeX, Version 3.1415926-1.40.10 (TeX Live 2009/Debian) (format=latex 2011.1.5)  20 DEC 2012 17:02
entering extended mode
 %&-line parsing enabled.
**scarlata_v1_mh1.tex
(./scarlata_v1_mh1.tex
LaTeX2e <2009/09/24>
Babel <v3.8l> and hyphenation patterns for english, usenglishmax, dumylang, noh
yphenation, loaded.
(/usr/share/texmf-texlive/tex/latex/emulateapj/emulateapj.cls
Document Class: emulateapj 
\bibbaselineskip=\skip41
(/usr/share/texmf-texlive/tex/latex/revtex4/revtex4.cls
Document Class: revtex4 2001/08/02 v4.0 (http://publish.aps.org/revtex4/ for do
cumentation)
 Copyright (c) 2001 The American Physical Society.
 mailto:revtex@aps.org
 Licensed under the LPPL:
http://www.ctan.org/tex-archive/macros/latex/base/lppl.txt
 Arthur Ogawa <ogawa@teleport.com>
 Based on work by David Carlisle <david@dcarlisle.demon.co.uk>.
ltxutil: portions licensed from W. E. Baxter (web@superscript.com)
Class revtex4 Info: Repairing broken LateX \@sect on input line 596.
\intertabularlinepenalty=\count79
\@tbpen=\count80
\@arstrutbox@hline=\box26
Class revtex4 Info: Repairing broken LaTeX \@xbitor on input line 1610.
ltxgrid: portions licensed from W. E. Baxter (web@superscript.com)
\c@linecount=\count81
\output=\toks14
\@protection@box=\box27
\@topmark@saved=\toks15
\footins@saved=\box28
\pagesofar=\box29
\footbox=\box30
\pagegrid@col=\count82
Class revtex4 Info: Incorporating package {textcase}  [1998/11/12 v0.06 Text on
ly upper/lower case changing (DPC)]. on input line 3682.
(/usr/share/texmf-texlive/tex/latex/ltxmisc/url.sty
\Urlmuskip=\muskip10
Package: url 2006/04/12  ver 3.3  Verb mode for urls, etc.
)
\c@affil=\count83
\absbox=\box31
\c@part=\count84
\c@section=\count85
\c@subsection=\count86
\c@subsubsection=\count87
\c@paragraph=\count88
\c@subparagraph=\count89
\abovecaptionskip=\skip42
\belowcaptionskip=\skip43
\c@figure=\count90
\c@table=\count91

(/usr/share/texmf-texlive/tex/latex/natbib/natbib.sty
Package: natbib 2009/07/16 8.31 (PWD, AO)
\bibhang=\skip44
\bibsep=\skip45
LaTeX Info: Redefining \cite on input line 694.
\c@NAT@ctr=\count92
)
\widetext@top=\box32
\widetext@bot=\box33

(/usr/share/texmf-texlive/tex/latex/revtex4/revsymb.sty
Package: revsymb 2001/08/02 v4.0 (http://publish.aps.org/revtex4/ for documenta
tion)
LaTeX Info: Redefining \REV@mathfrak on input line 118.
))

Class revtex4 Warning: No Society specified, using generic APS style.

(/usr/share/texmf-texlive/tex/latex/revtex4/aps.rtx
File: aps.rtx 2001/08/02 v4.0 (http://publish.aps.org/revtex4/ for documentatio
n)
)
(/usr/share/texmf-texlive/tex/latex/revtex4/10pt.rtx
File: 10pt.rtx 2001/08/02 v4.0 (http://publish.aps.org/revtex4/ for documentati
on)
)
(/usr/share/texmf-texlive/tex/latex/base/latexsym.sty
Package: latexsym 1998/08/17 v2.2e Standard LaTeX package (lasy symbols)
\symlasy=\mathgroup4
LaTeX Font Info:    Overwriting symbol font `lasy' in version `bold'
(Font)                  U/lasy/m/n --> U/lasy/b/n on input line 47.
)
(/usr/share/texmf-texlive/tex/latex/graphics/graphicx.sty
Package: graphicx 1999/02/16 v1.0f Enhanced LaTeX Graphics (DPC,SPQR)

(/usr/share/texmf-texlive/tex/latex/graphics/keyval.sty
Package: keyval 1999/03/16 v1.13 key=value parser (DPC)
\KV@toks@=\toks16
)
(/usr/share/texmf-texlive/tex/latex/graphics/graphics.sty
Package: graphics 2009/02/05 v1.0o Standard LaTeX Graphics (DPC,SPQR)

(/usr/share/texmf-texlive/tex/latex/graphics/trig.sty
Package: trig 1999/03/16 v1.09 sin cos tan (DPC)
)
(/etc/texmf/tex/latex/config/graphics.cfg
File: graphics.cfg 2009/08/28 v1.8 graphics configuration of TeX Live
)
Package graphics Info: Driver file: dvips.def on input line 91.

(/usr/share/texmf-texlive/tex/latex/graphics/dvips.def
File: dvips.def 1999/02/16 v3.0i Driver-dependant file (DPC,SPQR)
))
\Gin@req@height=\dimen102
\Gin@req@width=\dimen103
)
(/usr/share/texmf-texlive/tex/latex/amsfonts/amssymb.sty
Package: amssymb 2009/06/22 v3.00

(/usr/share/texmf-texlive/tex/latex/amsfonts/amsfonts.sty
Package: amsfonts 2009/06/22 v3.00 Basic AMSFonts support
\@emptytoks=\toks17
\symAMSa=\mathgroup5
\symAMSb=\mathgroup6
LaTeX Font Info:    Overwriting math alphabet `\mathfrak' in version `bold'
(Font)                  U/euf/m/n --> U/euf/b/n on input line 96.
LaTeX Info: Redefining \frak on input line 99.
LaTeX Info: Redefining \Bbb on input line 101.
))
(/usr/share/texmf-texlive/tex/latex/tools/longtable.sty
Package: longtable 2004/02/01 v4.11 Multi-page Table package (DPC)
\LTleft=\skip46
\LTright=\skip47
\LTpre=\skip48
\LTpost=\skip49
\LTchunksize=\count93
\LTcapwidth=\dimen104
\LT@head=\box34
\LT@firsthead=\box35
\LT@foot=\box36
\LT@lastfoot=\box37
\LT@cols=\count94
\LT@rows=\count95
\c@LT@tables=\count96
\c@LT@chunks=\count97
\LT@p@ftn=\toks18
)
(/usr/share/texmf-texlive/tex/generic/epsf/epsf.sty
This is `epsf.tex' v2.7.3 <23 July 2005>
\epsffilein=\read1
\epsfframemargin=\dimen105
\epsfframethickness=\dimen106
\epsfrsize=\dimen107
\epsftmp=\dimen108
\epsftsize=\dimen109
\epsfxsize=\dimen110
\epsfysize=\dimen111
\pspoints=\dimen112
)
\c@front@matter@foot@note=\count98
\alt@affil@toks=\toks19
\alt@affil@toks@count=\toks20
\keys@width=\skip50
\c@lastfootnote=\count99
\c@remember@figure@num=\count100
\c@remember@table@num=\count101
\bibindent=\dimen113
\plot@width=\skip51
\c@table@save=\count102
\table@note@skip=\skip52
\deluxe@table@width=\skip53
\@d@t@a=\skip54
\c@deluxe@table@num=\count103
\abovedeluxetableskip=\skip55
\belowdeluxetableskip=\skip56
\DT@p@ftn=\toks21
\pt@column=\count104
\pt@ncol=\count105
)

LaTeX Warning: Unused global option(s):
    [manuscript].

(./scarlata_v1_mh1.aux)
\openout1 = `scarlata_v1_mh1.aux'.

LaTeX Font Info:    Checking defaults for OML/cmm/m/it on input line 83.
LaTeX Font Info:    ... okay on input line 83.
LaTeX Font Info:    Checking defaults for T1/cmr/m/n on input line 83.
LaTeX Font Info:    ... okay on input line 83.
LaTeX Font Info:    Checking defaults for OT1/cmr/m/n on input line 83.
LaTeX Font Info:    ... okay on input line 83.
LaTeX Font Info:    Checking defaults for OMS/cmsy/m/n on input line 83.
LaTeX Font Info:    ... okay on input line 83.
LaTeX Font Info:    Checking defaults for OMX/cmex/m/n on input line 83.
LaTeX Font Info:    ... okay on input line 83.
LaTeX Font Info:    Checking defaults for U/cmr/m/n on input line 83.
LaTeX Font Info:    ... okay on input line 83.
Class revtex4 Info: Patching LaTeX tabular. on input line 83.
Class revtex4 Info: Patching unrecognized longtable package. (Proceeding with f
ingers crossed) on input line 83.
Class revtex4 Info: cite was not loaded (OK!) on input line 83.
Class revtex4 Info: multicol was not loaded (OK!) on input line 83.


Class revtex4 Warning: Assuming \noaffiliation for N. Panagia\textsuperscript {
2,7,9}, M. Hayes\textsuperscript {3}, B. Siana\textsuperscript {4}, A. Rau\text
superscript {4,5}, P. Francis\textsuperscript {6}, A. Caon\textsuperscript {1,8
}, A. Pizzella\textsuperscript {8}, C. Bridge\textsuperscript {1}.

LaTeX Font Info:    Try loading font information for U+lasy on input line 139.
(/usr/share/texmf-texlive/tex/latex/base/ulasy.fd
File: ulasy.fd 1998/08/17 v2.2e LaTeX symbol font definitions
)
LaTeX Font Info:    Try loading font information for U+msa on input line 139.

(/usr/share/texmf-texlive/tex/latex/amsfonts/umsa.fd
File: umsa.fd 2009/06/22 v3.00 AMS symbols A
)
LaTeX Font Info:    Try loading font information for U+msb on input line 139.

(/usr/share/texmf-texlive/tex/latex/amsfonts/umsb.fd
File: umsb.fd 2009/06/22 v3.00 AMS symbols B
)
Underfull \hbox (badness 1406) in paragraph at lines 139--139
| $[]$| \OT1/cmr/m/n/8 De-part-ment of As-tron-omy, Uni-ver-sity of Padova, Vi-
colo
 []

File: bpt.ps Graphic file (type eps)
<bpt.ps>
Underfull \hbox (badness 10000) in paragraph at lines 180--180
$[]$
 []


Underfull \hbox (badness 10000) in paragraph at lines 180--180

 []


LaTeX Warning: Reference `tab:info' on page 1 undefined on input line 228.

[1]
File: NUV_fluxes.ps Graphic file (type eps)
 <NUV_fluxes.ps>
File: Lya_GALEX_COS.ps Graphic file (type eps)
 <Lya_GALEX_COS.ps>
Underfull \hbox (badness 10000) in paragraph at lines 269--269
$[]$
 []


Underfull \hbox (badness 10000) in paragraph at lines 269--269

 []


LaTeX Warning: Reference `tab:sample' on page 2 undefined on input line 289.

File: images_COS.ps Graphic file (type eps)
<images_COS.ps>
Underfull \hbox (badness 10000) in paragraph at lines 307--307
$[]$
 []


Underfull \hbox (badness 10000) in paragraph at lines 307--307

 []


Package natbib Warning: Citation `cowie2011' on page 2 undefined on input line 
324.


Package natbib Warning: Citation `Goudfrooij2010' on page 2 undefined on input 
line 356.


LaTeX Warning: Reference `tab:xxx' on page 2 undefined on input line 377.

File: spectra_rf_bxc0p7A.ps Graphic file (type eps)
<spectra_rf_bxc0p7A.ps>
Underfull \hbox (badness 10000) in paragraph at lines 400--400
$[]$
 []


Underfull \hbox (badness 10000) in paragraph at lines 400--400

 []


Class revtex4 Warning: Float cannot be placed.

File: delta_v.ps Graphic file (type eps)
<delta_v.ps>
Underfull \hbox (badness 10000) in paragraph at lines 413--413
$[]$
 []


Underfull \hbox (badness 10000) in paragraph at lines 413--413

 []


LaTeX Warning: `!h' float specifier changed to `!ht'.

[2] [3]

LaTeX Warning: A float is stuck (cannot be placed) on input line 438.

[4]

LaTeX Warning: A float is stuck (cannot be placed) on input line 438.


Class revtex4 Warning: Deferred float stuck during \clearpage processing.


LaTeX Warning: Reference `tab:xxx' on page 5 undefined on input line 441.

File: stack.ps Graphic file (type eps)
<stack.ps>
File: Nstack.eps Graphic file (type eps)
 <Nstack.eps>
Underfull \hbox (badness 10000) in paragraph at lines 460--460
$[]$
 []


Underfull \hbox (badness 10000) in paragraph at lines 460--460

 []


Package longtable Warning: Column widths have changed
(longtable)                in table 1 on input line 491.


Underfull \hbox (badness 1048) in paragraph at lines 525--527
[]\OT1/cmr/m/n/10 Winds==> high den-sity==> ex-p-nd-ing ma-te-rial is
 []

[5] [6]
File: dvel_ha.eps Graphic file (type eps)
 <dvel_ha.eps>
Underfull \hbox (badness 10000) in paragraph at lines 622--622
$[]$
 []


Underfull \hbox (badness 10000) in paragraph at lines 622--622

 []

File: lumcomp_igm.eps Graphic file (type eps)
<lumcomp_igm.eps>
Underfull \hbox (badness 10000) in paragraph at lines 714--714
$[]$
 []


Underfull \hbox (badness 10000) in paragraph at lines 714--714

 []

[7]
File: asym_hist.eps Graphic file (type eps)
 <asym_hist.eps>
Underfull \hbox (badness 10000) in paragraph at lines 769--769
$[]$
 []


Underfull \hbox (badness 10000) in paragraph at lines 769--769

 []

Missing character: There is no â in font cmr8!
Missing character: There is no € in font cmr8!
Missing character: There is no “ in font cmr8!
[8]
File: swr_ha.eps Graphic file (type eps)
 <swr_ha.eps>
Underfull \hbox (badness 10000) in paragraph at lines 817--817
$[]$
 []


Underfull \hbox (badness 10000) in paragraph at lines 817--817

 []


Underfull \hbox (badness 1342) in paragraph at lines 843--844
 []\OT1/cmr/m/n/8 Cowie, L.L., Barger, A.J., Hu, E.M., 2009, ArX-ive e-prints
 []

[9]
Missing character: There is no Â in font cmr8!
Missing character: There is no ´ in font cmr8!
Missing character: There is no Â in font cmr8!
Missing character: There is no ´ in font cmr8!
Missing character: There is no â in font cmr8!
Missing character: There is no € in font cmr8!
Missing character: There is no “ in font cmr8!


Package longtable Warning: Column widths have changed
(longtable)                in table 1 on input line 912.

[10]

Package longtable Warning: Column widths have changed
(longtable)                in table 2 on input line 953.

[11]

LaTeX Warning: File `/Users/scarlata/PROJECTS/COS_Lya/images_COS.ps' not found 
on input line 985.


! LaTeX Error: File `/Users/scarlata/PROJECTS/COS_Lya/images_COS.ps' not found.


See the LaTeX manual or LaTeX Companion for explanation.
Type  H <return>  for immediate help.
 ...                                              
                                                  
l.985 .../scarlata/PROJECTS/COS_Lya/images_COS.ps}
                                                  
? 

! LaTeX Error: Cannot determine size of graphic in /Users/scarlata/PROJECTS/COS
_Lya/images_COS.ps (no BoundingBox).

See the LaTeX manual or LaTeX Companion for explanation.
Type  H <return>  for immediate help.
 ...                                              
                                                  
l.985 .../scarlata/PROJECTS/COS_Lya/images_COS.ps}
                                                  
? 
File: /Users/scarlata/PROJECTS/COS_Lya/images_COS.ps Graphic file (type eps)
</Users/scarlata/PROJECTS/COS_Lya/images_COS.ps>
Underfull \hbox (badness 10000) in paragraph at lines 989--989
$[]$
 []


Underfull \hbox (badness 10000) in paragraph at lines 989--989

 []


Package natbib Warning: There were undefined citations.


Package longtable Warning: Table widths have changed. Rerun LaTeX.

[12] (./scarlata_v1_mh1.aux)

LaTeX Warning: There were undefined references.

 ) 
Here is how much of TeX's memory you used:
 3064 strings out of 495062
 37642 string characters out of 1182645
 111966 words of memory out of 3000000
 6216 multiletter control sequences out of 15000+50000
 13652 words of font info for 56 fonts, out of 3000000 for 9000
 28 hyphenation exceptions out of 8191
 35i,14n,28p,930b,466s stack positions out of 5000i,500n,10000p,200000b,50000s

Output written on scarlata_v1_mh1.dvi (12 pages, 61012 bytes).
